01.05.2019 17:03:38 - Запрос http://api.worldweatheronline.com/premium/v1/weather.ashx?key=63f4f19fa98343e58e950508193004&q=New+York&format=json&num_of_days=7
01.05.2019 22:15:40 - Запрос http://api.worldweatheronline.com/premium/v1/weather.ashx?key=63f4f19fa98343e58e950508193004&q=New+York&format=json&num_of_days=7
01.05.2019 22:17:42 - Запрос http://api.worldweatheronline.com/premium/v1/weather.ashx?key=63f4f19fa98343e58e950508193004&q=New+York&format=json&num_of_days=7
01.05.2019 22:21:12 - Запрос http://api.worldweatheronline.com/premium/v1/weather.ashx?key=63f4f19fa98343e58e950508193004&q=New+York&format=json&num_of_days=7
01.05.2019 22:21:35 - Запрос http://api.worldweatheronline.com/premium/v1/weather.ashx?key=63f4f19fa98343e58e950508193004&q=New+York&format=json&num_of_days=7
01.05.2019 22:21:49 - Запрос http://api.worldweatheronline.com/premium/v1/weather.ashx?key=63f4f19fa98343e58e950508193004&q=New+York&format=json&num_of_days=7
01.05.2019 22:46:32 - Запрос http://api.worldweatheronline.com/premium/v1/weather.ashx?key=63f4f19fa98343e58e950508193004&q=New+York&format=json&num_of_days=7
05.05.2019 20:23:23 - Запрос http://api.worldweatheronline.com/premium/v1/weather.ashx?key=63f4f19fa98343e58e950508193004&q=New+York&format=json&num_of_days=7
05.05.2019 20:29:57 - Запрос http://api.worldweatheronline.com/premium/v1/weather.ashx?key=63f4f19fa98343e58e950508193004&q=New+York&format=json&num_of_days=7
05.05.2019 20:30:11 - Запрос http://api.worldweatheronline.com/premium/v1/weather.ashx?key=63f4f19fa98343e58e950508193004&q=New+York&format=json&num_of_days=7
05.05.2019 21:22:48 - Запрос http://api.apixu.com/v1/forecast.json?key=041385abb58343f9a69145540190505&q=Astana&days=7
05.05.2019 21:40:27 - Запрос https://api.apixu.com/v1/forecast.json?key=041385abb58343f9a69145540190505&q=Astana&days=7
05.05.2019 21:40:42 - Запрос https://api.apixu.com/v1/forecast.json?key=041385abb58343f9a69145540190505&q=Astan&days=7
05.05.2019 21:41:22 - Запрос https://api.apixu.com/v1/forecast.json?key=041385abb58343f9a69145540190505&q=Astaka&days=7
05.05.2019 21:42:42 - Запрос https://api.apixu.com/v1/forecast.json?key=041385abb58343f9a69145540190505&q=new york&days=7
05.05.2019 21:55:20 - Запрос https://api.apixu.com/v1/forecast.json?key=041385abb58343f9a69145540190505&q=astana&days=7
05.05.2019 22:37:14 - Запрос https://api.apixu.com/v1/forecast.json?key=041385abb58343f9a69145540190505&q=astana&days=7
05.05.2019 22:38:26 - Запрос https://api.apixu.com/v1/forecast.json?key=041385abb58343f9a69145540190505&q=astana&days=7
05.05.2019 22:39:46 - Запрос https://api.apixu.com/v1/forecast.json?key=041385abb58343f9a69145540190505&q=astana&days=7
05.05.2019 22:40:27 - Запрос https://api.apixu.com/v1/forecast.json?key=041385abb58343f9a69145540190505&q=astana&days=7
05.05.2019 22:40:54 - Запрос https://api.apixu.com/v1/forecast.json?key=041385abb58343f9a69145540190505&q=astana&days=7
05.05.2019 23:03:18 - Запрос https://api.apixu.com/v1/forecast.json?key=041385abb58343f9a69145540190505&q=astana&days=7
05.05.2019 23:06:58 - Запрос https://api.apixu.com/v1/forecast.json?key=041385abb58343f9a69145540190505&q=astana&days=7
